<?xml version="1.0" encoding="UTF-8"?>
<testng-results ignored="0" total="2" passed="2" failed="0" skipped="0">
  <reporter-output>
  </reporter-output>
  <suite started-at="2021-12-25T12:03:31 IST" name="Suite" finished-at="2021-12-25T12:03:54 IST" duration-ms="23806">
    <groups>
    </groups>
    <test started-at="2021-12-25T12:03:31 IST" name="Test" finished-at="2021-12-25T12:03:54 IST" duration-ms="23806">
      <class name="E2ESel.training.homePageTest">
        <test-method signature="homeValidations()[pri:0, instance:E2ESel.training.homePageTest@4f071df8]" started-at="2021-12-25T12:03:31 IST" name="homeValidations" finished-at="2021-12-25T12:03:41 IST" duration-ms="9834" status="PASS">
          <reporter-output>
          </reporter-output>
        </test-method> <!-- homeValidations -->
        <test-method is-config="true" signature="closeDriver()[pri:0, instance:E2ESel.training.homePageTest@4f071df8]" started-at="2021-12-25T12:03:54 IST" name="closeDriver" finished-at="2021-12-25T12:03:54 IST" duration-ms="265" status="PASS">
          <reporter-output>
          </reporter-output>
        </test-method> <!-- closeDriver -->
      </class> <!-- E2ESel.training.homePageTest -->
      <class name="E2ESel.training.loginPageTest">
        <test-method signature="login(java.lang.String,java.lang.String)[pri:0, instance:E2ESel.training.loginPageTest@62435e70]" started-at="2021-12-25T12:03:41 IST" name="login" data-provider="getData" finished-at="2021-12-25T12:03:54 IST" duration-ms="12466" status="PASS">
          <params>
            <param index="0">
              <value>
                <![CDATA[test123@gmail.com]]>
              </value>
            </param>
            <param index="1">
              <value>
                <![CDATA[12345]]>
              </value>
            </param>
          </params>
          <reporter-output>
          </reporter-output>
        </test-method> <!-- login -->
      </class> <!-- E2ESel.training.loginPageTest -->
    </test> <!-- Test -->
  </suite> <!-- Suite -->
</testng-results>
