<?xml version="1.0" encoding="UTF-8"?>
<testng-results ignored="0" total="2" passed="2" failed="0" skipped="0">
  <reporter-output>
  </reporter-output>
  <suite started-at="2021-12-24T18:52:34 IST" name="Suite" finished-at="2021-12-24T18:54:04 IST" duration-ms="89950">
    <groups>
    </groups>
    <test started-at="2021-12-24T18:52:34 IST" name="Test" finished-at="2021-12-24T18:54:04 IST" duration-ms="89950">
      <class name="E2ESel.training.homePageTest">
        <test-method signature="homeValidations()[pri:0, instance:E2ESel.training.homePageTest@107ed6fc]" started-at="2021-12-24T18:52:34 IST" name="homeValidations" finished-at="2021-12-24T18:53:35 IST" duration-ms="61568" status="PASS">
          <reporter-output>
          </reporter-output>
        </test-method> <!-- homeValidations -->
        <test-method is-config="true" signature="closeDriver()[pri:0, instance:E2ESel.training.homePageTest@107ed6fc]" started-at="2021-12-24T18:54:03 IST" name="closeDriver" finished-at="2021-12-24T18:54:04 IST" duration-ms="315" status="PASS">
          <reporter-output>
          </reporter-output>
        </test-method> <!-- closeDriver -->
      </class> <!-- E2ESel.training.homePageTest -->
      <class name="E2ESel.training.loginPageTest">
        <test-method signature="login(java.lang.String,java.lang.String)[pri:0, instance:E2ESel.training.loginPageTest@acb0951]" started-at="2021-12-24T18:53:38 IST" name="login" data-provider="getData" finished-at="2021-12-24T18:54:03 IST" duration-ms="25457" status="PASS">
          <params>
            <param index="0">
              <value>
                <![CDATA[test123@gmail.com]]>
              </value>
            </param>
            <param index="1">
              <value>
                <![CDATA[12345]]>
              </value>
            </param>
          </params>
          <reporter-output>
          </reporter-output>
        </test-method> <!-- login -->
      </class> <!-- E2ESel.training.loginPageTest -->
    </test> <!-- Test -->
  </suite> <!-- Suite -->
</testng-results>
